<?xml version="1.0" encoding="UTF-8"?>
<!-- Generated by org.testng.reporters.JUnitReportReporter -->
<testsuite hostname="Shravan" failures="0" tests="1" name="practiceTests.BasicTest" time="0.007" errors="0" timestamp="2021-11-01T22:41:06 CDT" skipped="0">
  <testcase classname="practiceTests.BasicTest" name="gmailLogin" time="0.007"/>
  <system-out/>
</testsuite> <!-- practiceTests.BasicTest -->
